[2025-10-29 04:12:28] Тестовое сообщение
[2025-10-29 04:12:28] USER[1c6dc3f5-c7fa-4eaf-85f1-6529081cf4ba] Тестовое действие
[2025-10-29 04:12:28] ADMIN[00000000-0000-0000-0000-000000000001] Админское действие
[2025-10-29 04:12:40] Тестовое сообщение в лог
[2025-10-29 04:12:40] USER[afc7c8e0-4a75-4f53-a75f-403bd2290885] Тестовое действие пользователя
[2025-10-29 04:12:40] ADMIN[00000000-0000-0000-0000-000000000001] Тестовое действие администратора
[2025-10-29 04:12:40] ERROR: Тестовая ошибка - Тестовое исключение
[2025-10-29 04:13:19] Автоматически удалена просроченная ссылка: fo7Lodoe
[2025-10-29 04:13:19] Автоматически удалена просроченная ссылка: kV6uqFTw
[2025-10-29 04:13:19] Автоматически удалена просроченная ссылка: DJrOYXKW
[2025-10-29 04:13:19] Автоматически удалена просроченная ссылка: iMP9mPHJ
[2025-10-29 04:13:19] Автоматически удалена просроченная ссылка: RWeCg6K8
[2025-10-29 04:13:19] Автоматически удалена просроченная ссылка: yuD1jCz0
[2025-10-29 04:13:19] Автоматически удалена просроченная ссылка: 51rmifzK
[2025-10-29 04:13:19] Автоматически удалена просроченная ссылка: FVqiCitP
[2025-10-29 04:13:19] Автоматически удалена просроченная ссылка: QoKScg2G
[2025-10-29 04:13:19] Автоматически удалена просроченная ссылка: 3tuhm26R
[2025-10-29 04:13:19] Автоматически удалена просроченная ссылка: br3NzTnz
[2025-10-29 04:13:19] Автоматически удалена просроченная ссылка: CQ7JGYtA
[2025-10-29 04:13:19] Автоматически удалена просроченная ссылка: LzAlWx2X
[2025-10-29 04:13:19] Автоматически удалена просроченная ссылка: 6SAPO5hy
[2025-10-29 04:13:19] Автоматически удалена просроченная ссылка: KGAPbqvg
[2025-10-29 04:13:19] Автоматически удалена просроченная ссылка: lP8MGdF6
[2025-10-29 04:13:19] Автоматически удалена просроченная ссылка: pXMR5dmG
[2025-10-29 04:13:19] Автоматически удалена просроченная ссылка: rBCZpMFb
[2025-10-29 04:13:19] Автоматически удалена просроченная ссылка: HlNYvtqw
[2025-10-29 04:15:10] Тестовое сообщение
[2025-10-29 04:15:10] USER[8348c52e-2894-4b1d-b291-836b2d077180] Тестовое действие
[2025-10-29 04:15:10] ADMIN[00000000-0000-0000-0000-000000000001] Админское действие
[2025-10-29 04:15:19] Тестовое сообщение в лог
[2025-10-29 04:15:19] USER[b1aab4fb-b1fa-45f4-8b82-981670fcf665] Тестовое действие пользователя
[2025-10-29 04:15:19] ADMIN[00000000-0000-0000-0000-000000000001] Тестовое действие администратора
[2025-10-29 04:15:19] ERROR: Тестовая ошибка - Тестовое исключение
[2025-10-29 04:18:08] Тестовое сообщение в лог
[2025-10-29 04:18:08] USER[cab89ed3-62f3-44b6-9f67-d6125d539801] Тестовое действие пользователя
[2025-10-29 04:18:08] ADMIN[00000000-0000-0000-0000-000000000001] Тестовое действие администратора
[2025-10-29 04:18:08] ERROR: Тестовая ошибка - Тестовое исключение
[2025-10-29 04:22:59] Тестовое сообщение в лог
[2025-10-29 04:22:59] USER[a47b209c-e39e-4e70-9dc4-a20396c04b33] Тестовое действие пользователя
[2025-10-29 04:22:59] ADMIN[00000000-0000-0000-0000-000000000001] Тестовое действие администратора
[2025-10-29 04:22:59] ERROR: Тестовая ошибка - Тестовое исключение
[2025-10-29 04:23:09] Автоматически удалена просроченная ссылка: cCkP8JA7
[2025-10-29 04:23:09] Автоматически удалена просроченная ссылка: C5w3tqsS
[2025-10-29 04:23:09] Автоматически удалена просроченная ссылка: NmaleLY6
[2025-10-29 04:23:09] Автоматически удалена просроченная ссылка: sCuOmK9B
[2025-10-29 04:23:09] Автоматически удалена просроченная ссылка: A6QDMBUU
[2025-10-29 04:23:09] Автоматически удалена просроченная ссылка: eOEaPrYf
[2025-10-29 04:23:09] Автоматически удалена просроченная ссылка: Ixk8n3BM
[2025-10-29 04:23:09] Автоматически удалена просроченная ссылка: PUUXduSi
[2025-10-29 04:23:09] Автоматически удалена просроченная ссылка: LhpcrebY
[2025-10-29 04:23:09] Автоматически удалена просроченная ссылка: iY3s6qHg
[2025-10-29 04:23:09] Автоматически удалена просроченная ссылка: dqDIIF4Z
[2025-10-29 04:23:09] Автоматически удалена просроченная ссылка: kIdg73Da
[2025-10-29 04:23:09] Автоматически удалена просроченная ссылка: cHT0hAvP
[2025-10-29 04:23:09] Автоматически удалена просроченная ссылка: MgR45bhT
[2025-10-29 04:23:09] Автоматически удалена просроченная ссылка: B45ubP9U
[2025-10-29 04:23:09] Автоматически удалена просроченная ссылка: De9W1oFs
[2025-10-29 04:23:09] Автоматически удалена просроченная ссылка: sNwop4ph
[2025-10-29 04:23:09] Автоматически удалена просроченная ссылка: 2pGYjba0
[2025-10-29 04:23:09] Автоматически удалена просроченная ссылка: Z0ZmphQI
[2025-10-29 04:23:09] Автоматически удалена просроченная ссылка: oZ9bw8st
[2025-10-29 04:23:09] Автоматически удалена просроченная ссылка: hM1I0v40
[2025-10-29 04:23:09] Автоматически удалена просроченная ссылка: aFlvOYCB
[2025-10-29 04:23:09] Автоматически удалена просроченная ссылка: rsWFohur
[2025-10-29 04:23:09] Автоматически удалена просроченная ссылка: KM7J5Npn
